Build started 2016-12-05 2:25:15 PM.
     1>Project "C:\Users\user\Desktop\Fanshawe\NetworkingFinalExam\networkingexam\NetworkingProject1_RyanHammond\Server\Server.vcxproj" on node 2 (Build target(s)).
     1>ClCompile:
         C:\Program Files (x86)\Microsoft Visual Studio 14.0\VC\bin\CL.exe /c /ZI /nologo /W3 /WX- /Od /Oy- /D WIN32 /D _DEBUG /D _CONSOLE /D _UNICODE /D UNICODE /Gm /EHsc /RTC1 /MDd /GS /fp:precise /Zc:wchar_t /Zc:forScope /Zc:inline /Fo"Debug\\" /Fd"Debug\vc140.pdb" /Gd /TP /analyze- /errorReport:prompt Server.cpp
         Server.cpp
     1>c:\users\user\desktop\fanshawe\networkingfinalexam\networkingexam\networkingproject1_ryanhammond\server\server.cpp(163): warning C4244: '=': conversion from 'double' to 'float', possible loss of data
     1>c:\users\user\desktop\fanshawe\networkingfinalexam\networkingexam\networkingproject1_ryanhammond\server\server.cpp(269): warning C4018: '<': signed/unsigned mismatch
     1>c:\users\user\desktop\fanshawe\networkingfinalexam\networkingexam\networkingproject1_ryanhammond\server\server.cpp(283): warning C4018: '<': signed/unsigned mismatch
     1>c:\users\user\desktop\fanshawe\networkingfinalexam\networkingexam\networkingproject1_ryanhammond\server\server.cpp(318): warning C4018: '<': signed/unsigned mismatch
     1>c:\users\user\desktop\fanshawe\networkingfinalexam\networkingexam\networkingproject1_ryanhammond\server\server.cpp(337): warning C4018: '<': signed/unsigned mismatch
     1>c:\users\user\desktop\fanshawe\networkingfinalexam\networkingexam\networkingproject1_ryanhammond\server\server.cpp(339): warning C4018: '<': signed/unsigned mismatch
     1>c:\users\user\desktop\fanshawe\networkingfinalexam\networkingexam\networkingproject1_ryanhammond\server\server.cpp(246): warning C4101: 'messageLength': unreferenced local variable
     1>c:\users\user\desktop\fanshawe\networkingfinalexam\networkingexam\networkingproject1_ryanhammond\server\server.cpp(384): warning C4018: '<': signed/unsigned mismatch
     1>c:\users\user\desktop\fanshawe\networkingfinalexam\networkingexam\networkingproject1_ryanhammond\server\server.cpp(396): warning C4715: 'FindGameServer': not all control paths return a value
       Link:
         C:\Program Files (x86)\Microsoft Visual Studio 14.0\VC\bin\link.exe /ERRORREPORT:PROMPT /OUT:"C:\Users\user\Desktop\Fanshawe\NetworkingFinalExam\networkingexam\NetworkingProject1_RyanHammond\Debug\Server.exe" /INCREMENTAL /NOLOGO kernel32.lib user32.lib gdi32.lib winspool.lib comdlg32.lib advapi32.lib shell32.lib ole32.lib oleaut32.lib uuid.lib odbc32.lib odbccp32.lib /MANIFEST /MANIFESTUAC:"level='asInvoker' uiAccess='false'" /manifest:embed /Debug /PDB:"C:\Users\user\Desktop\Fanshawe\NetworkingFinalExam\networkingexam\NetworkingProject1_RyanHammond\Debug\Server.pdb" /SUBSYSTEM:CONSOLE /TLBID:1 /DYNAMICBASE /NXCOMPAT /IMPLIB:"C:\Users\user\Desktop\Fanshawe\NetworkingFinalExam\networkingexam\NetworkingProject1_RyanHammond\Debug\Server.lib" /MACHINE:X86 Debug\Buffer.obj
         Debug\cGameServer.obj
         Debug\Server.obj
         Server.vcxproj -> C:\Users\user\Desktop\Fanshawe\NetworkingFinalExam\networkingexam\NetworkingProject1_RyanHammond\Debug\Server.exe
     1>Done Building Project "C:\Users\user\Desktop\Fanshawe\NetworkingFinalExam\networkingexam\NetworkingProject1_RyanHammond\Server\Server.vcxproj" (Build target(s)).

Build succeeded.

Time Elapsed 00:00:00.95
